[2025-02-01T11:12:35.251+0000][gc,heap] Heap region size: 1M
[2025-02-01T11:12:35.270+0000][gc     ] Using G1
[2025-02-01T11:12:35.270+0000][gc,heap,coops] Heap address: 0x00000000c0000000, size: 1024 MB, Compressed Oops mode: 32-bit
[2025-02-01T11:12:36.772+0000][gc,start     ] GC(0) Pause Young (Concurrent Start) (Metadata GC Threshold)
[2025-02-01T11:12:36.772+0000][gc,task      ] GC(0) Using 2 workers of 2 for evacuation
[2025-02-01T11:12:36.780+0000][gc,phases    ] GC(0)   Pre Evacuate Collection Set: 0.0ms
[2025-02-01T11:12:36.781+0000][gc,phases    ] GC(0)   Evacuate Collection Set: 8.0ms
[2025-02-01T11:12:36.781+0000][gc,phases    ] GC(0)   Post Evacuate Collection Set: 0.3ms
[2025-02-01T11:12:36.781+0000][gc,phases    ] GC(0)   Other: 0.6ms
[2025-02-01T11:12:36.781+0000][gc,heap      ] GC(0) Eden regions: 39->0(44)
[2025-02-01T11:12:36.781+0000][gc,heap      ] GC(0) Survivor regions: 0->7(7)
[2025-02-01T11:12:36.781+0000][gc,heap      ] GC(0) Old regions: 0->0
[2025-02-01T11:12:36.781+0000][gc,heap      ] GC(0) Humongous regions: 0->0
[2025-02-01T11:12:36.781+0000][gc,metaspace ] GC(0) Metaspace: 20722K->20722K(1069056K)
[2025-02-01T11:12:36.781+0000][gc           ] GC(0) Pause Young (Concurrent Start) (Metadata GC Threshold) 38M->6M(1024M) 9.075ms
[2025-02-01T11:12:36.781+0000][gc,cpu       ] GC(0) User=0.01s Sys=0.00s Real=0.00s
[2025-02-01T11:12:36.781+0000][gc           ] GC(1) Concurrent Cycle
[2025-02-01T11:12:36.781+0000][gc,marking   ] GC(1) Concurrent Clear Claimed Marks
[2025-02-01T11:12:36.781+0000][gc,marking   ] GC(1) Concurrent Clear Claimed Marks 0.026ms
[2025-02-01T11:12:36.781+0000][gc,marking   ] GC(1) Concurrent Scan Root Regions
[2025-02-01T11:12:36.783+0000][gc,marking   ] GC(1) Concurrent Scan Root Regions 2.457ms
[2025-02-01T11:12:36.783+0000][gc,marking   ] GC(1) Concurrent Mark (1.980s)
[2025-02-01T11:12:36.783+0000][gc,marking   ] GC(1) Concurrent Mark From Roots
[2025-02-01T11:12:36.783+0000][gc,task      ] GC(1) Using 1 workers of 1 for marking
[2025-02-01T11:12:36.784+0000][gc,marking   ] GC(1) Concurrent Mark From Roots 0.969ms
[2025-02-01T11:12:36.784+0000][gc,marking   ] GC(1) Concurrent Preclean
[2025-02-01T11:12:36.784+0000][gc,marking   ] GC(1) Concurrent Preclean 0.039ms
[2025-02-01T11:12:36.784+0000][gc,marking   ] GC(1) Concurrent Mark (1.980s, 1.982s) 1.078ms
[2025-02-01T11:12:36.785+0000][gc,start     ] GC(1) Pause Remark
[2025-02-01T11:12:36.789+0000][gc,stringtable] GC(1) Cleaned string and symbol table, strings: 7104 processed, 0 removed, symbols: 63933 processed, 37 removed
[2025-02-01T11:12:36.789+0000][gc            ] GC(1) Pause Remark 6M->6M(1024M) 4.530ms
[2025-02-01T11:12:36.789+0000][gc,cpu        ] GC(1) User=0.00s Sys=0.00s Real=0.00s
[2025-02-01T11:12:36.789+0000][gc,marking    ] GC(1) Concurrent Rebuild Remembered Sets
[2025-02-01T11:12:36.790+0000][gc,marking    ] GC(1) Concurrent Rebuild Remembered Sets 0.178ms
[2025-02-01T11:12:36.790+0000][gc,start      ] GC(1) Pause Cleanup
[2025-02-01T11:12:36.790+0000][gc            ] GC(1) Pause Cleanup 6M->6M(1024M) 0.163ms
[2025-02-01T11:12:36.790+0000][gc,cpu        ] GC(1) User=0.00s Sys=0.00s Real=0.00s
[2025-02-01T11:12:36.790+0000][gc,marking    ] GC(1) Concurrent Cleanup for Next Mark
[2025-02-01T11:12:36.806+0000][gc,marking    ] GC(1) Concurrent Cleanup for Next Mark 15.736ms
[2025-02-01T11:12:36.806+0000][gc            ] GC(1) Concurrent Cycle 25.007ms
[2025-02-01T11:12:37.848+0000][gc,start      ] GC(2) Pause Young (Normal) (G1 Evacuation Pause)
[2025-02-01T11:12:37.848+0000][gc,task       ] GC(2) Using 2 workers of 2 for evacuation
[2025-02-01T11:12:37.870+0000][gc,mmu        ] GC(2) MMU target violated: 21.0ms (20.0ms/21.0ms)
[2025-02-01T11:12:37.870+0000][gc,phases     ] GC(2)   Pre Evacuate Collection Set: 0.0ms
[2025-02-01T11:12:37.870+0000][gc,phases     ] GC(2)   Evacuate Collection Set: 21.3ms
[2025-02-01T11:12:37.870+0000][gc,phases     ] GC(2)   Post Evacuate Collection Set: 0.3ms
[2025-02-01T11:12:37.870+0000][gc,phases     ] GC(2)   Other: 0.2ms
[2025-02-01T11:12:37.870+0000][gc,heap       ] GC(2) Eden regions: 44->0(48)
[2025-02-01T11:12:37.870+0000][gc,heap       ] GC(2) Survivor regions: 7->3(7)
[2025-02-01T11:12:37.870+0000][gc,heap       ] GC(2) Old regions: 0->7
[2025-02-01T11:12:37.870+0000][gc,heap       ] GC(2) Humongous regions: 129->129
[2025-02-01T11:12:37.870+0000][gc,metaspace  ] GC(2) Metaspace: 30814K->30814K(1077248K)
[2025-02-01T11:12:37.870+0000][gc            ] GC(2) Pause Young (Normal) (G1 Evacuation Pause) 179M->137M(1024M) 21.971ms
[2025-02-01T11:12:37.870+0000][gc,cpu        ] GC(2) User=0.03s Sys=0.00s Real=0.02s
[2025-02-01T11:12:38.594+0000][gc,start      ] GC(3) Pause Young (Concurrent Start) (Metadata GC Threshold)
[2025-02-01T11:12:38.594+0000][gc,task       ] GC(3) Using 2 workers of 2 for evacuation
[2025-02-01T11:12:38.608+0000][gc,phases     ] GC(3)   Pre Evacuate Collection Set: 0.1ms
[2025-02-01T11:12:38.608+0000][gc,phases     ] GC(3)   Evacuate Collection Set: 12.7ms
[2025-02-01T11:12:38.608+0000][gc,phases     ] GC(3)   Post Evacuate Collection Set: 0.2ms
[2025-02-01T11:12:38.608+0000][gc,phases     ] GC(3)   Other: 0.3ms
[2025-02-01T11:12:38.608+0000][gc,heap       ] GC(3) Eden regions: 24->0(46)
[2025-02-01T11:12:38.608+0000][gc,heap       ] GC(3) Survivor regions: 3->5(7)
[2025-02-01T11:12:38.608+0000][gc,heap       ] GC(3) Old regions: 7->7
[2025-02-01T11:12:38.608+0000][gc,heap       ] GC(3) Humongous regions: 129->129
[2025-02-01T11:12:38.608+0000][gc,metaspace  ] GC(3) Metaspace: 34941K->34941K(1081344K)
[2025-02-01T11:12:38.608+0000][gc            ] GC(3) Pause Young (Concurrent Start) (Metadata GC Threshold) 161M->139M(1024M) 13.479ms
[2025-02-01T11:12:38.608+0000][gc,cpu        ] GC(3) User=0.01s Sys=0.00s Real=0.01s
[2025-02-01T11:12:38.608+0000][gc            ] GC(4) Concurrent Cycle
[2025-02-01T11:12:38.608+0000][gc,marking    ] GC(4) Concurrent Clear Claimed Marks
[2025-02-01T11:12:38.608+0000][gc,marking    ] GC(4) Concurrent Clear Claimed Marks 0.042ms
[2025-02-01T11:12:38.608+0000][gc,marking    ] GC(4) Concurrent Scan Root Regions
[2025-02-01T11:12:38.621+0000][gc,marking    ] GC(4) Concurrent Scan Root Regions 13.056ms
[2025-02-01T11:12:38.621+0000][gc,marking    ] GC(4) Concurrent Mark (3.818s)
[2025-02-01T11:12:38.621+0000][gc,marking    ] GC(4) Concurrent Mark From Roots
[2025-02-01T11:12:38.621+0000][gc,task       ] GC(4) Using 1 workers of 1 for marking
[2025-02-01T11:12:38.654+0000][gc,marking    ] GC(4) Concurrent Mark From Roots 33.056ms
[2025-02-01T11:12:38.654+0000][gc,marking    ] GC(4) Concurrent Preclean
[2025-02-01T11:12:38.654+0000][gc,marking    ] GC(4) Concurrent Preclean 0.090ms
[2025-02-01T11:12:38.654+0000][gc,marking    ] GC(4) Concurrent Mark (3.818s, 3.852s) 33.262ms
[2025-02-01T11:12:38.655+0000][gc,start      ] GC(4) Pause Remark
[2025-02-01T11:12:38.678+0000][gc,stringtable] GC(4) Cleaned string and symbol table, strings: 11857 processed, 8 removed, symbols: 96550 processed, 25 removed
[2025-02-01T11:12:38.679+0000][gc,mmu        ] GC(4) MMU target violated: 21.0ms (20.0ms/21.0ms)
[2025-02-01T11:12:38.679+0000][gc            ] GC(4) Pause Remark 140M->140M(1024M) 24.102ms
[2025-02-01T11:12:38.679+0000][gc,cpu        ] GC(4) User=0.02s Sys=0.00s Real=0.02s
[2025-02-01T11:12:38.679+0000][gc,marking    ] GC(4) Concurrent Rebuild Remembered Sets
[2025-02-01T11:12:38.684+0000][gc,marking    ] GC(4) Concurrent Rebuild Remembered Sets 4.989ms
[2025-02-01T11:12:38.685+0000][gc,start      ] GC(4) Pause Cleanup
[2025-02-01T11:12:38.685+0000][gc            ] GC(4) Pause Cleanup 140M->140M(1024M) 0.228ms
[2025-02-01T11:12:38.685+0000][gc,cpu        ] GC(4) User=0.00s Sys=0.00s Real=0.00s
[2025-02-01T11:12:38.685+0000][gc,marking    ] GC(4) Concurrent Cleanup for Next Mark
[2025-02-01T11:12:38.691+0000][gc,marking    ] GC(4) Concurrent Cleanup for Next Mark 6.496ms
[2025-02-01T11:12:38.692+0000][gc            ] GC(4) Concurrent Cycle 83.590ms
[2025-02-01T11:16:19.660+0000][gc,start      ] GC(5) Pause Young (Normal) (G1 Evacuation Pause)
[2025-02-01T11:16:19.660+0000][gc,task       ] GC(5) Using 2 workers of 2 for evacuation
[2025-02-01T11:16:19.673+0000][gc,phases     ] GC(5)   Pre Evacuate Collection Set: 0.0ms
[2025-02-01T11:16:19.673+0000][gc,phases     ] GC(5)   Evacuate Collection Set: 11.7ms
[2025-02-01T11:16:19.673+0000][gc,phases     ] GC(5)   Post Evacuate Collection Set: 0.3ms
[2025-02-01T11:16:19.673+0000][gc,phases     ] GC(5)   Other: 0.2ms
[2025-02-01T11:16:19.673+0000][gc,heap       ] GC(5) Eden regions: 46->0(46)
[2025-02-01T11:16:19.673+0000][gc,heap       ] GC(5) Survivor regions: 5->5(7)
[2025-02-01T11:16:19.673+0000][gc,heap       ] GC(5) Old regions: 7->8
[2025-02-01T11:16:19.673+0000][gc,heap       ] GC(5) Humongous regions: 129->129
[2025-02-01T11:16:19.673+0000][gc,metaspace  ] GC(5) Metaspace: 44550K->44550K(1089536K)
[2025-02-01T11:16:19.673+0000][gc            ] GC(5) Pause Young (Normal) (G1 Evacuation Pause) 185M->141M(1024M) 12.365ms
[2025-02-01T11:16:19.673+0000][gc,cpu        ] GC(5) User=0.02s Sys=0.00s Real=0.02s
[2025-02-01T11:16:44.243+0000][gc,start      ] GC(6) Pause Young (Normal) (G1 Evacuation Pause)
[2025-02-01T11:16:44.243+0000][gc,task       ] GC(6) Using 2 workers of 2 for evacuation
[2025-02-01T11:16:44.265+0000][gc,mmu        ] GC(6) MMU target violated: 21.0ms (20.0ms/21.0ms)
[2025-02-01T11:16:44.265+0000][gc,phases     ] GC(6)   Pre Evacuate Collection Set: 0.0ms
[2025-02-01T11:16:44.265+0000][gc,phases     ] GC(6)   Evacuate Collection Set: 21.1ms
[2025-02-01T11:16:44.265+0000][gc,phases     ] GC(6)   Post Evacuate Collection Set: 0.4ms
[2025-02-01T11:16:44.265+0000][gc,phases     ] GC(6)   Other: 0.8ms
[2025-02-01T11:16:44.265+0000][gc,heap       ] GC(6) Eden regions: 46->0(46)
[2025-02-01T11:16:44.265+0000][gc,heap       ] GC(6) Survivor regions: 5->5(7)
[2025-02-01T11:16:44.265+0000][gc,heap       ] GC(6) Old regions: 8->10
[2025-02-01T11:16:44.265+0000][gc,heap       ] GC(6) Humongous regions: 129->129
[2025-02-01T11:16:44.266+0000][gc,metaspace  ] GC(6) Metaspace: 46867K->46867K(1091584K)
[2025-02-01T11:16:44.266+0000][gc            ] GC(6) Pause Young (Normal) (G1 Evacuation Pause) 187M->143M(1024M) 22.954ms
[2025-02-01T11:16:44.266+0000][gc,cpu        ] GC(6) User=0.02s Sys=0.00s Real=0.02s
[2025-02-01T11:17:23.186+0000][gc,start      ] GC(7) Pause Young (Normal) (G1 Evacuation Pause)
[2025-02-01T11:17:23.186+0000][gc,task       ] GC(7) Using 2 workers of 2 for evacuation
[2025-02-01T11:17:23.194+0000][gc,phases     ] GC(7)   Pre Evacuate Collection Set: 0.0ms
[2025-02-01T11:17:23.194+0000][gc,phases     ] GC(7)   Evacuate Collection Set: 7.9ms
[2025-02-01T11:17:23.194+0000][gc,phases     ] GC(7)   Post Evacuate Collection Set: 0.3ms
[2025-02-01T11:17:23.194+0000][gc,phases     ] GC(7)   Other: 0.2ms
[2025-02-01T11:17:23.194+0000][gc,heap       ] GC(7) Eden regions: 46->0(48)
[2025-02-01T11:17:23.194+0000][gc,heap       ] GC(7) Survivor regions: 5->3(7)
[2025-02-01T11:17:23.194+0000][gc,heap       ] GC(7) Old regions: 10->13
[2025-02-01T11:17:23.194+0000][gc,heap       ] GC(7) Humongous regions: 129->129
[2025-02-01T11:17:23.194+0000][gc,metaspace  ] GC(7) Metaspace: 46946K->46946K(1091584K)
[2025-02-01T11:17:23.195+0000][gc            ] GC(7) Pause Young (Normal) (G1 Evacuation Pause) 189M->144M(1024M) 8.620ms
[2025-02-01T11:17:23.195+0000][gc,cpu        ] GC(7) User=0.02s Sys=0.00s Real=0.01s
[2025-02-01T11:18:06.545+0000][gc,start      ] GC(8) Pause Young (Normal) (G1 Evacuation Pause)
[2025-02-01T11:18:06.545+0000][gc,task       ] GC(8) Using 2 workers of 2 for evacuation
[2025-02-01T11:18:06.550+0000][gc,phases     ] GC(8)   Pre Evacuate Collection Set: 0.0ms
[2025-02-01T11:18:06.550+0000][gc,phases     ] GC(8)   Evacuate Collection Set: 4.7ms
[2025-02-01T11:18:06.550+0000][gc,phases     ] GC(8)   Post Evacuate Collection Set: 0.2ms
[2025-02-01T11:18:06.550+0000][gc,phases     ] GC(8)   Other: 0.3ms
[2025-02-01T11:18:06.550+0000][gc,heap       ] GC(8) Eden regions: 48->0(49)
[2025-02-01T11:18:06.550+0000][gc,heap       ] GC(8) Survivor regions: 3->2(7)
[2025-02-01T11:18:06.550+0000][gc,heap       ] GC(8) Old regions: 13->13
[2025-02-01T11:18:06.550+0000][gc,heap       ] GC(8) Humongous regions: 129->129
[2025-02-01T11:18:06.550+0000][gc,metaspace  ] GC(8) Metaspace: 47002K->47002K(1091584K)
[2025-02-01T11:18:06.550+0000][gc            ] GC(8) Pause Young (Normal) (G1 Evacuation Pause) 192M->143M(1024M) 5.312ms
[2025-02-01T11:18:06.550+0000][gc,cpu        ] GC(8) User=0.01s Sys=0.00s Real=0.00s
[2025-02-01T11:18:49.392+0000][gc,start      ] GC(9) Pause Young (Normal) (G1 Evacuation Pause)
[2025-02-01T11:18:49.392+0000][gc,task       ] GC(9) Using 2 workers of 2 for evacuation
[2025-02-01T11:18:49.396+0000][gc,phases     ] GC(9)   Pre Evacuate Collection Set: 0.0ms
[2025-02-01T11:18:49.396+0000][gc,phases     ] GC(9)   Evacuate Collection Set: 4.2ms
[2025-02-01T11:18:49.396+0000][gc,phases     ] GC(9)   Post Evacuate Collection Set: 0.2ms
[2025-02-01T11:18:49.396+0000][gc,phases     ] GC(9)   Other: 0.2ms
[2025-02-01T11:18:49.396+0000][gc,heap       ] GC(9) Eden regions: 49->0(49)
[2025-02-01T11:18:49.396+0000][gc,heap       ] GC(9) Survivor regions: 2->2(7)
[2025-02-01T11:18:49.396+0000][gc,heap       ] GC(9) Old regions: 13->13
[2025-02-01T11:18:49.396+0000][gc,heap       ] GC(9) Humongous regions: 129->129
[2025-02-01T11:18:49.396+0000][gc,metaspace  ] GC(9) Metaspace: 47052K->47052K(1091584K)
[2025-02-01T11:18:49.396+0000][gc            ] GC(9) Pause Young (Normal) (G1 Evacuation Pause) 192M->143M(1024M) 4.824ms
[2025-02-01T11:18:49.396+0000][gc,cpu        ] GC(9) User=0.01s Sys=0.00s Real=0.00s
[2025-02-01T11:19:33.167+0000][gc,start      ] GC(10) Pause Young (Normal) (G1 Evacuation Pause)
[2025-02-01T11:19:33.167+0000][gc,task       ] GC(10) Using 2 workers of 2 for evacuation
[2025-02-01T11:19:33.172+0000][gc,phases     ] GC(10)   Pre Evacuate Collection Set: 0.0ms
[2025-02-01T11:19:33.172+0000][gc,phases     ] GC(10)   Evacuate Collection Set: 4.7ms
[2025-02-01T11:19:33.172+0000][gc,phases     ] GC(10)   Post Evacuate Collection Set: 0.3ms
[2025-02-01T11:19:33.172+0000][gc,phases     ] GC(10)   Other: 0.2ms
[2025-02-01T11:19:33.172+0000][gc,heap       ] GC(10) Eden regions: 49->0(49)
[2025-02-01T11:19:33.172+0000][gc,heap       ] GC(10) Survivor regions: 2->2(7)
[2025-02-01T11:19:33.172+0000][gc,heap       ] GC(10) Old regions: 13->13
[2025-02-01T11:19:33.172+0000][gc,heap       ] GC(10) Humongous regions: 129->129
[2025-02-01T11:19:33.172+0000][gc,metaspace  ] GC(10) Metaspace: 47120K->47120K(1091584K)
[2025-02-01T11:19:33.172+0000][gc            ] GC(10) Pause Young (Normal) (G1 Evacuation Pause) 192M->143M(1024M) 5.293ms
[2025-02-01T11:19:33.172+0000][gc,cpu        ] GC(10) User=0.01s Sys=0.00s Real=0.01s
[2025-02-01T11:20:16.976+0000][gc,start      ] GC(11) Pause Young (Normal) (G1 Evacuation Pause)
[2025-02-01T11:20:16.976+0000][gc,task       ] GC(11) Using 2 workers of 2 for evacuation
[2025-02-01T11:20:16.981+0000][gc,phases     ] GC(11)   Pre Evacuate Collection Set: 0.0ms
[2025-02-01T11:20:16.981+0000][gc,phases     ] GC(11)   Evacuate Collection Set: 4.6ms
[2025-02-01T11:20:16.981+0000][gc,phases     ] GC(11)   Post Evacuate Collection Set: 0.2ms
[2025-02-01T11:20:16.981+0000][gc,phases     ] GC(11)   Other: 0.2ms
[2025-02-01T11:20:16.981+0000][gc,heap       ] GC(11) Eden regions: 49->0(49)
[2025-02-01T11:20:16.981+0000][gc,heap       ] GC(11) Survivor regions: 2->2(7)
[2025-02-01T11:20:16.981+0000][gc,heap       ] GC(11) Old regions: 13->13
[2025-02-01T11:20:16.981+0000][gc,heap       ] GC(11) Humongous regions: 129->129
[2025-02-01T11:20:16.981+0000][gc,metaspace  ] GC(11) Metaspace: 47139K->47139K(1091584K)
[2025-02-01T11:20:16.981+0000][gc            ] GC(11) Pause Young (Normal) (G1 Evacuation Pause) 192M->143M(1024M) 5.210ms
[2025-02-01T11:20:16.982+0000][gc,cpu        ] GC(11) User=0.00s Sys=0.00s Real=0.00s
[2025-02-01T11:21:01.745+0000][gc,start      ] GC(12) Pause Young (Normal) (G1 Evacuation Pause)
[2025-02-01T11:21:01.745+0000][gc,task       ] GC(12) Using 2 workers of 2 for evacuation
[2025-02-01T11:21:01.751+0000][gc,phases     ] GC(12)   Pre Evacuate Collection Set: 0.0ms
[2025-02-01T11:21:01.751+0000][gc,phases     ] GC(12)   Evacuate Collection Set: 5.3ms
[2025-02-01T11:21:01.751+0000][gc,phases     ] GC(12)   Post Evacuate Collection Set: 0.3ms
[2025-02-01T11:21:01.751+0000][gc,phases     ] GC(12)   Other: 0.2ms
[2025-02-01T11:21:01.751+0000][gc,heap       ] GC(12) Eden regions: 49->0(50)
[2025-02-01T11:21:01.751+0000][gc,heap       ] GC(12) Survivor regions: 2->2(7)
[2025-02-01T11:21:01.751+0000][gc,heap       ] GC(12) Old regions: 13->13
[2025-02-01T11:21:01.751+0000][gc,heap       ] GC(12) Humongous regions: 129->129
[2025-02-01T11:21:01.751+0000][gc,metaspace  ] GC(12) Metaspace: 47160K->47160K(1091584K)
[2025-02-01T11:21:01.751+0000][gc            ] GC(12) Pause Young (Normal) (G1 Evacuation Pause) 192M->143M(1024M) 6.054ms
[2025-02-01T11:21:01.751+0000][gc,cpu        ] GC(12) User=0.01s Sys=0.00s Real=0.01s
[2025-02-01T11:21:46.332+0000][gc,start      ] GC(13) Pause Young (Normal) (G1 Evacuation Pause)
[2025-02-01T11:21:46.332+0000][gc,task       ] GC(13) Using 2 workers of 2 for evacuation
[2025-02-01T11:21:46.336+0000][gc,phases     ] GC(13)   Pre Evacuate Collection Set: 0.0ms
[2025-02-01T11:21:46.336+0000][gc,phases     ] GC(13)   Evacuate Collection Set: 4.4ms
[2025-02-01T11:21:46.337+0000][gc,phases     ] GC(13)   Post Evacuate Collection Set: 0.3ms
[2025-02-01T11:21:46.337+0000][gc,phases     ] GC(13)   Other: 0.2ms
[2025-02-01T11:21:46.337+0000][gc,heap       ] GC(13) Eden regions: 50->0(51)
[2025-02-01T11:21:46.337+0000][gc,heap       ] GC(13) Survivor regions: 2->2(7)
[2025-02-01T11:21:46.337+0000][gc,heap       ] GC(13) Old regions: 13->13
[2025-02-01T11:21:46.337+0000][gc,heap       ] GC(13) Humongous regions: 129->129
[2025-02-01T11:21:46.337+0000][gc,metaspace  ] GC(13) Metaspace: 47192K->47192K(1091584K)
[2025-02-01T11:21:46.337+0000][gc            ] GC(13) Pause Young (Normal) (G1 Evacuation Pause) 193M->143M(1024M) 5.086ms
[2025-02-01T11:21:46.337+0000][gc,cpu        ] GC(13) User=0.01s Sys=0.00s Real=0.00s
[2025-02-01T11:22:32.883+0000][gc,start      ] GC(14) Pause Young (Normal) (G1 Evacuation Pause)
[2025-02-01T11:22:32.883+0000][gc,task       ] GC(14) Using 2 workers of 2 for evacuation
[2025-02-01T11:22:32.888+0000][gc,phases     ] GC(14)   Pre Evacuate Collection Set: 0.0ms
[2025-02-01T11:22:32.888+0000][gc,phases     ] GC(14)   Evacuate Collection Set: 4.7ms
[2025-02-01T11:22:32.888+0000][gc,phases     ] GC(14)   Post Evacuate Collection Set: 0.2ms
[2025-02-01T11:22:32.888+0000][gc,phases     ] GC(14)   Other: 0.2ms
[2025-02-01T11:22:32.888+0000][gc,heap       ] GC(14) Eden regions: 51->0(52)
[2025-02-01T11:22:32.888+0000][gc,heap       ] GC(14) Survivor regions: 2->2(7)
[2025-02-01T11:22:32.888+0000][gc,heap       ] GC(14) Old regions: 13->13
[2025-02-01T11:22:32.888+0000][gc,heap       ] GC(14) Humongous regions: 129->129
[2025-02-01T11:22:32.888+0000][gc,metaspace  ] GC(14) Metaspace: 47225K->47225K(1091584K)
[2025-02-01T11:22:32.888+0000][gc            ] GC(14) Pause Young (Normal) (G1 Evacuation Pause) 194M->143M(1024M) 5.357ms
[2025-02-01T11:22:32.888+0000][gc,cpu        ] GC(14) User=0.01s Sys=0.00s Real=0.00s
[2025-02-01T11:23:19.967+0000][gc,start      ] GC(15) Pause Young (Normal) (G1 Evacuation Pause)
[2025-02-01T11:23:19.967+0000][gc,task       ] GC(15) Using 2 workers of 2 for evacuation
[2025-02-01T11:23:19.972+0000][gc,phases     ] GC(15)   Pre Evacuate Collection Set: 0.0ms
[2025-02-01T11:23:19.972+0000][gc,phases     ] GC(15)   Evacuate Collection Set: 4.8ms
[2025-02-01T11:23:19.972+0000][gc,phases     ] GC(15)   Post Evacuate Collection Set: 0.2ms
[2025-02-01T11:23:19.972+0000][gc,phases     ] GC(15)   Other: 0.2ms
[2025-02-01T11:23:19.972+0000][gc,heap       ] GC(15) Eden regions: 52->0(54)
[2025-02-01T11:23:19.972+0000][gc,heap       ] GC(15) Survivor regions: 2->2(7)
[2025-02-01T11:23:19.972+0000][gc,heap       ] GC(15) Old regions: 13->13
[2025-02-01T11:23:19.972+0000][gc,heap       ] GC(15) Humongous regions: 129->129
[2025-02-01T11:23:19.972+0000][gc,metaspace  ] GC(15) Metaspace: 47296K->47296K(1091584K)
[2025-02-01T11:23:19.972+0000][gc            ] GC(15) Pause Young (Normal) (G1 Evacuation Pause) 195M->143M(1024M) 5.487ms
[2025-02-01T11:23:19.972+0000][gc,cpu        ] GC(15) User=0.01s Sys=0.00s Real=0.01s
[2025-02-01T11:24:08.646+0000][gc,start      ] GC(16) Pause Young (Normal) (G1 Evacuation Pause)
[2025-02-01T11:24:08.646+0000][gc,task       ] GC(16) Using 2 workers of 2 for evacuation
[2025-02-01T11:24:08.651+0000][gc,phases     ] GC(16)   Pre Evacuate Collection Set: 0.0ms
[2025-02-01T11:24:08.651+0000][gc,phases     ] GC(16)   Evacuate Collection Set: 5.3ms
[2025-02-01T11:24:08.651+0000][gc,phases     ] GC(16)   Post Evacuate Collection Set: 0.2ms
[2025-02-01T11:24:08.651+0000][gc,phases     ] GC(16)   Other: 0.3ms
[2025-02-01T11:24:08.651+0000][gc,heap       ] GC(16) Eden regions: 54->0(56)
[2025-02-01T11:24:08.651+0000][gc,heap       ] GC(16) Survivor regions: 2->2(7)
[2025-02-01T11:24:08.651+0000][gc,heap       ] GC(16) Old regions: 13->13
[2025-02-01T11:24:08.651+0000][gc,heap       ] GC(16) Humongous regions: 129->129
[2025-02-01T11:24:08.651+0000][gc,metaspace  ] GC(16) Metaspace: 47319K->47319K(1091584K)
[2025-02-01T11:24:08.652+0000][gc            ] GC(16) Pause Young (Normal) (G1 Evacuation Pause) 197M->143M(1024M) 5.973ms
[2025-02-01T11:24:08.652+0000][gc,cpu        ] GC(16) User=0.01s Sys=0.01s Real=0.01s
[2025-02-01T11:24:59.300+0000][gc,start      ] GC(17) Pause Young (Normal) (G1 Evacuation Pause)
[2025-02-01T11:24:59.300+0000][gc,task       ] GC(17) Using 2 workers of 2 for evacuation
[2025-02-01T11:24:59.305+0000][gc,phases     ] GC(17)   Pre Evacuate Collection Set: 0.0ms
[2025-02-01T11:24:59.306+0000][gc,phases     ] GC(17)   Evacuate Collection Set: 5.3ms
[2025-02-01T11:24:59.306+0000][gc,phases     ] GC(17)   Post Evacuate Collection Set: 0.3ms
[2025-02-01T11:24:59.306+0000][gc,phases     ] GC(17)   Other: 0.3ms
[2025-02-01T11:24:59.306+0000][gc,heap       ] GC(17) Eden regions: 56->0(59)
[2025-02-01T11:24:59.306+0000][gc,heap       ] GC(17) Survivor regions: 2->3(8)
[2025-02-01T11:24:59.306+0000][gc,heap       ] GC(17) Old regions: 13->13
[2025-02-01T11:24:59.306+0000][gc,heap       ] GC(17) Humongous regions: 129->129
[2025-02-01T11:24:59.306+0000][gc,metaspace  ] GC(17) Metaspace: 47326K->47326K(1091584K)
[2025-02-01T11:24:59.306+0000][gc            ] GC(17) Pause Young (Normal) (G1 Evacuation Pause) 199M->144M(1024M) 6.057ms
[2025-02-01T11:24:59.306+0000][gc,cpu        ] GC(17) User=0.01s Sys=0.00s Real=0.01s
