[2025-01-29 21:04:19,918] INFO [GroupCoordinator 0]: Preparing to rebalance group spark-kafka-source-989b8b71-fd0a-473e-9c1d-b8ab538c6139--1642851014-driver-0 in state PreparingRebalance with old generation 0 (__consumer_offsets-15) (reason: Adding new member consumer-spark-kafka-source-989b8b71-fd0a-473e-9c1d-b8ab538c6139--1642851014-driver-0-1-fadc1618-86c4-4b96-8353-900d79f138b7 with group instance id None) (kafka.coordinator.group.GroupCoordinator)
[2025-01-29 21:04:19,920] INFO [GroupCoordinator 0]: Stabilized group spark-kafka-source-989b8b71-fd0a-473e-9c1d-b8ab538c6139--1642851014-driver-0 generation 1 (__consumer_offsets-15) (kafka.coordinator.group.GroupCoordinator)
[2025-01-29 21:04:19,931] INFO [GroupCoordinator 0]: Assignment received from leader for group spark-kafka-source-989b8b71-fd0a-473e-9c1d-b8ab538c6139--1642851014-driver-0 for generation 1 (kafka.coordinator.group.GroupCoordinator)
[2025-01-29 21:04:23,540] INFO [GroupCoordinator 0]: Member[group.instance.id None, member.id consumer-spark-kafka-source-989b8b71-fd0a-473e-9c1d-b8ab538c6139--1642851014-driver-0-1-fadc1618-86c4-4b96-8353-900d79f138b7] in group spark-kafka-source-989b8b71-fd0a-473e-9c1d-b8ab538c6139--1642851014-driver-0 has left, removing it from the group (kafka.coordinator.group.GroupCoordinator)
[2025-01-29 21:04:23,541] INFO [GroupCoordinator 0]: Preparing to rebalance group spark-kafka-source-989b8b71-fd0a-473e-9c1d-b8ab538c6139--1642851014-driver-0 in state PreparingRebalance with old generation 1 (__consumer_offsets-15) (reason: removing member consumer-spark-kafka-source-989b8b71-fd0a-473e-9c1d-b8ab538c6139--1642851014-driver-0-1-fadc1618-86c4-4b96-8353-900d79f138b7 on LeaveGroup) (kafka.coordinator.group.GroupCoordinator)
[2025-01-29 21:04:23,541] INFO [GroupCoordinator 0]: Group spark-kafka-source-989b8b71-fd0a-473e-9c1d-b8ab538c6139--1642851014-driver-0 with generation 2 is now empty (__consumer_offsets-15) (kafka.coordinator.group.GroupCoordinator)
[2025-01-29 21:06:54,134] INFO [GroupMetadataManager brokerId=0] Group spark-kafka-source-0ab2494f-a5d1-4cb6-9305-910ea4f00937-739024620-driver-0 transitioned to Dead in generation 2 (kafka.coordinator.group.GroupMetadataManager)
[2025-01-29 21:06:54,135] INFO [GroupMetadataManager brokerId=0] Group spark-kafka-source-989b8b71-fd0a-473e-9c1d-b8ab538c6139--1642851014-driver-0 transitioned to Dead in generation 2 (kafka.coordinator.group.GroupMetadataManager)
[2025-01-29 21:06:54,136] INFO [GroupMetadataManager brokerId=0] Group spark-kafka-source-54a75420-6898-4e8d-b3bb-2fd8d68134dd--1266199198-driver-0 transitioned to Dead in generation 2 (kafka.coordinator.group.GroupMetadataManager)
[2025-01-29 21:06:54,136] INFO [GroupMetadataManager brokerId=0] Removed 0 expired offsets in 2 milliseconds. (kafka.coordinator.group.GroupMetadataManager)
[2025-01-29 21:08:27,981] INFO [GroupCoordinator 0]: Preparing to rebalance group spark-kafka-source-375a6a3a-3238-4a3e-8afb-26b2491c81b3--1630277429-driver-0 in state PreparingRebalance with old generation 0 (__consumer_offsets-10) (reason: Adding new member consumer-spark-kafka-source-375a6a3a-3238-4a3e-8afb-26b2491c81b3--1630277429-driver-0-1-19515329-e319-4c03-b34f-23b639e3e282 with group instance id None) (kafka.coordinator.group.GroupCoordinator)
[2025-01-29 21:08:27,983] INFO [GroupCoordinator 0]: Stabilized group spark-kafka-source-375a6a3a-3238-4a3e-8afb-26b2491c81b3--1630277429-driver-0 generation 1 (__consumer_offsets-10) (kafka.coordinator.group.GroupCoordinator)
[2025-01-29 21:08:27,989] INFO [GroupCoordinator 0]: Assignment received from leader for group spark-kafka-source-375a6a3a-3238-4a3e-8afb-26b2491c81b3--1630277429-driver-0 for generation 1 (kafka.coordinator.group.GroupCoordinator)
[2025-01-29 21:08:30,643] INFO [GroupCoordinator 0]: Preparing to rebalance group spark-kafka-source-a61463ba-c04a-41fc-bfb7-659881014afc-739024620-driver-0 in state PreparingRebalance with old generation 0 (__consumer_offsets-30) (reason: Adding new member consumer-spark-kafka-source-a61463ba-c04a-41fc-bfb7-659881014afc-739024620-driver-0-4-b80220bd-7dda-4343-bdba-b1f61f1f310e with group instance id None) (kafka.coordinator.group.GroupCoordinator)
[2025-01-29 21:08:30,644] INFO [GroupCoordinator 0]: Stabilized group spark-kafka-source-a61463ba-c04a-41fc-bfb7-659881014afc-739024620-driver-0 generation 1 (__consumer_offsets-30) (kafka.coordinator.group.GroupCoordinator)
[2025-01-29 21:08:30,647] INFO [GroupCoordinator 0]: Assignment received from leader for group spark-kafka-source-a61463ba-c04a-41fc-bfb7-659881014afc-739024620-driver-0 for generation 1 (kafka.coordinator.group.GroupCoordinator)
[2025-01-29 21:13:46,952] INFO [GroupCoordinator 0]: Member consumer-spark-kafka-source-a61463ba-c04a-41fc-bfb7-659881014afc-739024620-driver-0-4-b80220bd-7dda-4343-bdba-b1f61f1f310e in group spark-kafka-source-a61463ba-c04a-41fc-bfb7-659881014afc-739024620-driver-0 has failed, removing it from the group (kafka.coordinator.group.GroupCoordinator)
[2025-01-29 21:13:46,953] INFO [GroupCoordinator 0]: Preparing to rebalance group spark-kafka-source-a61463ba-c04a-41fc-bfb7-659881014afc-739024620-driver-0 in state PreparingRebalance with old generation 1 (__consumer_offsets-30) (reason: removing member consumer-spark-kafka-source-a61463ba-c04a-41fc-bfb7-659881014afc-739024620-driver-0-4-b80220bd-7dda-4343-bdba-b1f61f1f310e on heartbeat expiration) (kafka.coordinator.group.GroupCoordinator)
[2025-01-29 21:13:46,953] INFO [GroupCoordinator 0]: Group spark-kafka-source-a61463ba-c04a-41fc-bfb7-659881014afc-739024620-driver-0 with generation 2 is now empty (__consumer_offsets-30) (kafka.coordinator.group.GroupCoordinator)
[2025-01-29 21:13:47,291] INFO [GroupCoordinator 0]: Member consumer-spark-kafka-source-375a6a3a-3238-4a3e-8afb-26b2491c81b3--1630277429-driver-0-1-19515329-e319-4c03-b34f-23b639e3e282 in group spark-kafka-source-375a6a3a-3238-4a3e-8afb-26b2491c81b3--1630277429-driver-0 has failed, removing it from the group (kafka.coordinator.group.GroupCoordinator)
[2025-01-29 21:13:47,292] INFO [GroupCoordinator 0]: Preparing to rebalance group spark-kafka-source-375a6a3a-3238-4a3e-8afb-26b2491c81b3--1630277429-driver-0 in state PreparingRebalance with old generation 1 (__consumer_offsets-10) (reason: removing member consumer-spark-kafka-source-375a6a3a-3238-4a3e-8afb-26b2491c81b3--1630277429-driver-0-1-19515329-e319-4c03-b34f-23b639e3e282 on heartbeat expiration) (kafka.coordinator.group.GroupCoordinator)
[2025-01-29 21:13:47,292] INFO [GroupCoordinator 0]: Group spark-kafka-source-375a6a3a-3238-4a3e-8afb-26b2491c81b3--1630277429-driver-0 with generation 2 is now empty (__consumer_offsets-10) (kafka.coordinator.group.GroupCoordinator)
[2025-01-29 21:16:54,134] INFO [GroupMetadataManager brokerId=0] Group spark-kafka-source-a61463ba-c04a-41fc-bfb7-659881014afc-739024620-driver-0 transitioned to Dead in generation 2 (kafka.coordinator.group.GroupMetadataManager)
[2025-01-29 21:16:54,135] INFO [GroupMetadataManager brokerId=0] Group spark-kafka-source-375a6a3a-3238-4a3e-8afb-26b2491c81b3--1630277429-driver-0 transitioned to Dead in generation 2 (kafka.coordinator.group.GroupMetadataManager)
[2025-01-29 21:16:54,136] INFO [GroupMetadataManager brokerId=0] Removed 0 expired offsets in 2 milliseconds. (kafka.coordinator.group.GroupMetadataManager)
[2025-01-29 21:16:59,491] INFO [GroupCoordinator 0]: Preparing to rebalance group spark-kafka-source-d0cd01fb-bc49-4f00-8253-af7911df9e7f-624961491-driver-0 in state PreparingRebalance with old generation 0 (__consumer_offsets-4) (reason: Adding new member consumer-spark-kafka-source-d0cd01fb-bc49-4f00-8253-af7911df9e7f-624961491-driver-0-1-7483fc65-e432-452c-8565-d2dc57724fc8 with group instance id None) (kafka.coordinator.group.GroupCoordinator)
[2025-01-29 21:16:59,492] INFO [GroupCoordinator 0]: Preparing to rebalance group spark-kafka-source-98f877f1-3e85-4373-adf0-1d1362f251bc-739024620-driver-0 in state PreparingRebalance with old generation 0 (__consumer_offsets-40) (reason: Adding new member consumer-spark-kafka-source-98f877f1-3e85-4373-adf0-1d1362f251bc-739024620-driver-0-2-4eb8bb3b-8ede-44aa-beab-854d67d9c362 with group instance id None) (kafka.coordinator.group.GroupCoordinator)
[2025-01-29 21:16:59,493] INFO [GroupCoordinator 0]: Stabilized group spark-kafka-source-d0cd01fb-bc49-4f00-8253-af7911df9e7f-624961491-driver-0 generation 1 (__consumer_offsets-4) (kafka.coordinator.group.GroupCoordinator)
[2025-01-29 21:16:59,494] INFO [GroupCoordinator 0]: Stabilized group spark-kafka-source-98f877f1-3e85-4373-adf0-1d1362f251bc-739024620-driver-0 generation 1 (__consumer_offsets-40) (kafka.coordinator.group.GroupCoordinator)
[2025-01-29 21:16:59,501] INFO [GroupCoordinator 0]: Assignment received from leader for group spark-kafka-source-d0cd01fb-bc49-4f00-8253-af7911df9e7f-624961491-driver-0 for generation 1 (kafka.coordinator.group.GroupCoordinator)
[2025-01-29 21:16:59,507] INFO [GroupCoordinator 0]: Assignment received from leader for group spark-kafka-source-98f877f1-3e85-4373-adf0-1d1362f251bc-739024620-driver-0 for generation 1 (kafka.coordinator.group.GroupCoordinator)
[2025-01-29 21:17:33,591] INFO [GroupCoordinator 0]: Member consumer-spark-kafka-source-d0cd01fb-bc49-4f00-8253-af7911df9e7f-624961491-driver-0-1-7483fc65-e432-452c-8565-d2dc57724fc8 in group spark-kafka-source-d0cd01fb-bc49-4f00-8253-af7911df9e7f-624961491-driver-0 has failed, removing it from the group (kafka.coordinator.group.GroupCoordinator)
[2025-01-29 21:17:33,592] INFO [GroupCoordinator 0]: Preparing to rebalance group spark-kafka-source-d0cd01fb-bc49-4f00-8253-af7911df9e7f-624961491-driver-0 in state PreparingRebalance with old generation 1 (__consumer_offsets-4) (reason: removing member consumer-spark-kafka-source-d0cd01fb-bc49-4f00-8253-af7911df9e7f-624961491-driver-0-1-7483fc65-e432-452c-8565-d2dc57724fc8 on heartbeat expiration) (kafka.coordinator.group.GroupCoordinator)
[2025-01-29 21:17:33,592] INFO [GroupCoordinator 0]: Group spark-kafka-source-d0cd01fb-bc49-4f00-8253-af7911df9e7f-624961491-driver-0 with generation 2 is now empty (__consumer_offsets-4) (kafka.coordinator.group.GroupCoordinator)
[2025-01-29 21:17:33,612] INFO [GroupCoordinator 0]: Member consumer-spark-kafka-source-98f877f1-3e85-4373-adf0-1d1362f251bc-739024620-driver-0-2-4eb8bb3b-8ede-44aa-beab-854d67d9c362 in group spark-kafka-source-98f877f1-3e85-4373-adf0-1d1362f251bc-739024620-driver-0 has failed, removing it from the group (kafka.coordinator.group.GroupCoordinator)
[2025-01-29 21:17:33,613] INFO [GroupCoordinator 0]: Preparing to rebalance group spark-kafka-source-98f877f1-3e85-4373-adf0-1d1362f251bc-739024620-driver-0 in state PreparingRebalance with old generation 1 (__consumer_offsets-40) (reason: removing member consumer-spark-kafka-source-98f877f1-3e85-4373-adf0-1d1362f251bc-739024620-driver-0-2-4eb8bb3b-8ede-44aa-beab-854d67d9c362 on heartbeat expiration) (kafka.coordinator.group.GroupCoordinator)
[2025-01-29 21:17:33,613] INFO [GroupCoordinator 0]: Group spark-kafka-source-98f877f1-3e85-4373-adf0-1d1362f251bc-739024620-driver-0 with generation 2 is now empty (__consumer_offsets-40) (kafka.coordinator.group.GroupCoordinator)
[2025-01-29 21:26:54,134] INFO [GroupMetadataManager brokerId=0] Group spark-kafka-source-d0cd01fb-bc49-4f00-8253-af7911df9e7f-624961491-driver-0 transitioned to Dead in generation 2 (kafka.coordinator.group.GroupMetadataManager)
[2025-01-29 21:26:54,135] INFO [GroupMetadataManager brokerId=0] Group spark-kafka-source-98f877f1-3e85-4373-adf0-1d1362f251bc-739024620-driver-0 transitioned to Dead in generation 2 (kafka.coordinator.group.GroupMetadataManager)
[2025-01-29 21:26:54,136] INFO [GroupMetadataManager brokerId=0] Removed 0 expired offsets in 2 milliseconds. (kafka.coordinator.group.GroupMetadataManager)
